<?xml version="1.0" encoding="UTF-8"?>
<!-- Generated by org.testng.reporters.JUnitReportReporter -->
<testsuite hostname="LAPTOP-I0EIIDFA" failures="0" tests="1" name="pack1.Demo" time="0.015" errors="0" timestamp="2023-02-21T00:40:20 IST" skipped="0">
  <testcase classname="pack1.Demo" name="test" time="0.015"/>
  <system-out/>
</testsuite> <!-- pack1.Demo -->
